<?xml version="1.0" encoding="UTF-8"?>
<testng-results ignored="0" total="4" passed="4" failed="0" skipped="0">
  <reporter-output>
  </reporter-output>
  <suite started-at="2025-03-21T18:45:33 IST" name="Default suite" finished-at="2025-03-21T18:45:34 IST" duration-ms="120">
    <groups>
    </groups>
    <test started-at="2025-03-21T18:45:33 IST" name="Default test" finished-at="2025-03-21T18:45:34 IST" duration-ms="120">
      <class name="firsttestpackge.FirstTestngClass">
        <test-method signature="firstMethod()[pri:0, instance:firsttestpackge.FirstTestngClass@54a7079e]" started-at="2025-03-21T18:45:34 IST" name="firstMethod" finished-at="2025-03-21T18:45:34 IST" duration-ms="32" status="PASS">
          <reporter-output>
          </reporter-output>
        </test-method> <!-- firstMethod -->
        <test-method signature="frouthMethod()[pri:0, instance:firsttestpackge.FirstTestngClass@54a7079e]" started-at="2025-03-21T18:45:34 IST" name="frouthMethod" finished-at="2025-03-21T18:45:34 IST" duration-ms="6" status="PASS">
          <reporter-output>
          </reporter-output>
        </test-method> <!-- frouthMethod -->
        <test-method signature="secondMethod()[pri:0, instance:firsttestpackge.FirstTestngClass@54a7079e]" started-at="2025-03-21T18:45:34 IST" name="secondMethod" finished-at="2025-03-21T18:45:34 IST" duration-ms="4" status="PASS">
          <reporter-output>
          </reporter-output>
        </test-method> <!-- secondMethod -->
        <test-method signature="thirdMethod()[pri:0, instance:firsttestpackge.FirstTestngClass@54a7079e]" started-at="2025-03-21T18:45:34 IST" name="thirdMethod" finished-at="2025-03-21T18:45:34 IST" duration-ms="3" status="PASS">
          <reporter-output>
          </reporter-output>
        </test-method> <!-- thirdMethod -->
      </class> <!-- firsttestpackge.FirstTestngClass -->
    </test> <!-- Default test -->
  </suite> <!-- Default suite -->
</testng-results>
