<?xml version="1.0" encoding="UTF-8"?>
<!-- Generated by org.testng.reporters.JUnitXMLReporter -->
<testsuite ignored="0" hostname="Abhisheks-MacBook-Air.local" failures="0" tests="4" name="Default test" time="0.12" errors="0" timestamp="2025-03-21T18:45:34 IST">
  <testcase classname="firsttestpackge.FirstTestngClass" name="firstMethod" time="0.032"/>
  <testcase classname="firsttestpackge.FirstTestngClass" name="frouthMethod" time="0.006"/>
  <testcase classname="firsttestpackge.FirstTestngClass" name="secondMethod" time="0.004"/>
  <testcase classname="firsttestpackge.FirstTestngClass" name="thirdMethod" time="0.003"/>
</testsuite> <!-- Default test -->
